Determining if the pthread_create exist failed with the following output:
Change Dir: /home/nurimbet/Downloads/HybridAerialVehicle/build2/CMakeFiles/CMakeTmp

Run Build Command:"/usr/bin/make" "cmTC_9fcf4/fast"
/usr/bin/make -f CMakeFiles/cmTC_9fcf4.dir/build.make CMakeFiles/cmTC_9fcf4.dir/build
make[1]: Entering directory '/home/nurimbet/Downloads/HybridAerialVehicle/build2/CMakeFiles/CMakeTmp'
Building C object CMakeFiles/cmTC_9fcf4.dir/CheckSymbolExists.c.o
/usr/bin/cc     -o CMakeFiles/cmTC_9fcf4.dir/CheckSymbolExists.c.o   -c /home/nurimbet/Downloads/HybridAerialVehicle/build2/CMakeFiles/CMakeTmp/CheckSymbolExists.c
Linking C executable cmTC_9fcf4
/usr/bin/cmake -E cmake_link_script CMakeFiles/cmTC_9fcf4.dir/link.txt --verbose=1
/usr/bin/cc       CMakeFiles/cmTC_9fcf4.dir/CheckSymbolExists.c.o  -o cmTC_9fcf4 -rdynamic 
CMakeFiles/cmTC_9fcf4.dir/CheckSymbolExists.c.o: In function `main':
CheckSymbolExists.c:(.text+0xa): undefined reference to `pthread_create'
collect2: error: ld returned 1 exit status
CMakeFiles/cmTC_9fcf4.dir/build.make:97: recipe for target 'cmTC_9fcf4' failed
make[1]: *** [cmTC_9fcf4] Error 1
make[1]: Leaving directory '/home/nurimbet/Downloads/HybridAerialVehicle/build2/CMakeFiles/CMakeTmp'
Makefile:126: recipe for target 'cmTC_9fcf4/fast' failed
make: *** [cmTC_9fcf4/fast] Error 2

File /home/nurimbet/Downloads/HybridAerialVehicle/build2/CMakeFiles/CMakeTmp/CheckSymbolExists.c:
/* */
#include <pthread.h>

int main(int argc, char** argv)
{
  (void)argv;
#ifndef pthread_create
  return ((int*)(&pthread_create))[argc];
#else
  (void)argc;
  return 0;
#endif
}

Determining if the function pthread_create exists in the pthreads failed with the following output:
Change Dir: /home/nurimbet/Downloads/HybridAerialVehicle/build2/CMakeFiles/CMakeTmp

Run Build Command:"/usr/bin/make" "cmTC_dc410/fast"
/usr/bin/make -f CMakeFiles/cmTC_dc410.dir/build.make CMakeFiles/cmTC_dc410.dir/build
make[1]: Entering directory '/home/nurimbet/Downloads/HybridAerialVehicle/build2/CMakeFiles/CMakeTmp'
Building C object CMakeFiles/cmTC_dc410.dir/CheckFunctionExists.c.o
/usr/bin/cc    -DCHECK_FUNCTION_EXISTS=pthread_create   -o CMakeFiles/cmTC_dc410.dir/CheckFunctionExists.c.o   -c /usr/share/cmake-3.5/Modules/CheckFunctionExists.c
Linking C executable cmTC_dc410
/usr/bin/cmake -E cmake_link_script CMakeFiles/cmTC_dc410.dir/link.txt --verbose=1
/usr/bin/cc   -DCHECK_FUNCTION_EXISTS=pthread_create    CMakeFiles/cmTC_dc410.dir/CheckFunctionExists.c.o  -o cmTC_dc410 -rdynamic -lpthreads 
/usr/bin/ld: cannot find -lpthreads
collect2: error: ld returned 1 exit status
CMakeFiles/cmTC_dc410.dir/build.make:97: recipe for target 'cmTC_dc410' failed
make[1]: *** [cmTC_dc410] Error 1
make[1]: Leaving directory '/home/nurimbet/Downloads/HybridAerialVehicle/build2/CMakeFiles/CMakeTmp'
Makefile:126: recipe for target 'cmTC_dc410/fast' failed
make: *** [cmTC_dc410/fast] Error 2


